INFO:root:Checking files: atom.xml exists=True, feed.json exists=True
INFO:root:Fetching https://www.dicio.com.br/palavra-do-dia/ - Status Code: 200
INFO:root:Response length: 126295 characters
INFO:root:HTML parsed, length: 119412 characters
INFO:root:Found 3 titles: ['Palavra de Hoje (26/05/2026)', 'Palavra de Ontem (25/05/2026)', 'Palavra de Anteontem (24/05/2026)']
INFO:root:Found 3 URLs: ['/proletario/', '/automatico/', '/pacificamente/']
INFO:root:Found 12 descriptions: ['substantivo masculino Indivíduo que se mantém fina', 'Sinônimos:\n\nfuncionário, trabalhador, operário, as', 'Classe gramatical:adjetivo e substantivo masculino']
INFO:root:Found 3 dates: ['Palavra de Hoje (26/05/2026)', 'Palavra de Ontem (25/05/2026)', 'Palavra de Anteontem (24/05/2026)']
INFO:root:Min length for iteration: 3
INFO:root:Processing entry 1: Title='Palavra de Hoje (26/05/2026)', ID=2436663911220e0cb19ffdfc99db8433
INFO:root:Processing entry 2: Title='Palavra de Ontem (25/05/2026)', ID=3ea8e756c288154309c900422c1293b3
INFO:root:Processing entry 3: Title='Palavra de Anteontem (24/05/2026)', ID=827ea04ccad27bea19d565ba23fd653e
INFO:root:Processed 3 entries in FeedGenerator, 3 entries in output_data
INFO:root:Updated 'feeds/palavra_do_dia/atom.xml' with 3 entries.
INFO:root:Updated 'feeds/palavra_do_dia/feed.json' with 3 entries.
INFO:root:
📌 Last 3 entries:
INFO:root:🔹 Title: Palavra de Hoje (26/05/2026) - Significado completo de proletário:
INFO:root:🔹 URL: https://www.dicio.com.br/proletario/
INFO:root:🔹 Description: substantivo masculino Indivíduo que se mantém financeiramente através do seu salário; operário, trabalhador, assalariado.[Por Extensão] Pessoa pobre cujo ordenado precário provém da sua força de trabalho.[História] Cidadão romano pobre que só era útil pelos filhos que gerava,  estando isento do pagamento de impostos.adjetivo Relativo ao proletário; próprio da classe cujos trabalhadores sobrevivem de seu próprio salário; proletariado: bairro proletário.Etimologia (origem da palavra proletário). A palavra proletário tem sua origem no latim “proletarius,ii”, o que tem valor em razão da sua prole, descendência.
 
Sinônimos:

funcionário, trabalhador, operário, assalariado, empregado 

INFO:root:--------------------------------------------------
INFO:root:🔹 Title: Palavra de Ontem (25/05/2026) - Significado completo de automático:
INFO:root:🔹 URL: https://www.dicio.com.br/automatico/
INFO:root:🔹 Description: Sinônimos:

funcionário, trabalhador, operário, assalariado, empregado
 Classe gramatical:adjetivo e substantivo masculino
INFO:root:--------------------------------------------------
INFO:root:🔹 Title: Palavra de Anteontem (24/05/2026) - Significado completo de pacificamente:
INFO:root:🔹 URL: https://www.dicio.com.br/pacificamente/
INFO:root:🔹 Description: Classe gramatical:adjetivo e substantivo masculino
 Sílabas:pro-le-tá-ri-o
INFO:root:--------------------------------------------------
INFO:root:Checking files: atom.xml exists=True, feed.json exists=True
INFO:root:Fetching https://www.example.com/feed/ - Status Code: 404
INFO:root:Response length: 528 characters
WARNING:root:Failed to fetch content from https://www.example.com/feed/ - Status: 404
INFO:root:Checking files: atom.xml exists=True, feed.json exists=True
INFO:root:Fetching https://www.bibliaon.com/versiculo_do_dia/ - Status Code: 200
INFO:root:Response length: 381373 characters
INFO:root:HTML parsed, length: 371204 characters
INFO:root:Found 1 titles: ['Amós 3:7']
INFO:root:Found 1 URLs: ['/versiculo/amos_3_7/']
INFO:root:Found 1 descriptions: ['Certamente o Senhor, o Soberano,\nnão faz coisa alg']
INFO:root:Found 1 dates: ['']
INFO:root:Min length for iteration: 1
INFO:root:Processing entry 1: Title='Amós 3:7', ID=9bd039c7c104a08861d8fa2ea476c547
INFO:root:Processed 1 entries in FeedGenerator, 1 entries in output_data
INFO:root:Updated 'feeds/versículo_do_dia/atom.xml' with 1 entries.
INFO:root:Updated 'feeds/versículo_do_dia/feed.json' with 1 entries.
INFO:root:
📌 Last 3 entries:
INFO:root:🔹 Title: Amós 3:7
INFO:root:🔹 URL: https://www.bibliaon.com/versiculo/amos_3_7/
INFO:root:🔹 Description: Certamente o Senhor, o Soberano,
não faz coisa alguma
sem revelar o seu plano
aos seus servos, os profetas. Amós 3:7
INFO:root:--------------------------------------------------
INFO:root:Checking files: atom.xml exists=True, feed.json exists=True
INFO:root:Fetching https://www.bibliaon.com/salmo_do_dia/ - Status Code: 200
INFO:root:Response length: 383440 characters
INFO:root:HTML parsed, length: 374377 characters
INFO:root:Found 3 titles: ['Salmo 118', 'Salmo 107', 'Salmo 104']
INFO:root:Found 3 URLs: ['/salmos_118/', '/salmos_107/', '/salmos_104/']
INFO:root:Found 3 descriptions: ['Deem graças ao Senhor porque ele é bom;\no seu amor', 'Deem graças ao Senhor porque ele é bom;\no seu amor', 'Bendiga o Senhor a minha alma!\nÓ Senhor, meu Deus,']
INFO:root:Found 3 dates: ['26 de Maio de 2026', '25 de Maio de 2026', '24 de Maio de 2026']
INFO:root:Min length for iteration: 3
INFO:root:Processing entry 1: Title=' Salmo 118', ID=8fc6e7bb42ca393915a24ebaf7381156
INFO:root:Processing entry 2: Title=' Salmo 107', ID=bcdc76c80130807af62dd161a5882fc3
INFO:root:Processing entry 3: Title=' Salmo 104', ID=5012c2e8344afd05cf23b4a5bd746068
INFO:root:Processed 3 entries in FeedGenerator, 3 entries in output_data
INFO:root:Updated 'feeds/salmo_do_dia/atom.xml' with 3 entries.
INFO:root:Updated 'feeds/salmo_do_dia/feed.json' with 3 entries.
INFO:root:
📌 Last 3 entries:
INFO:root:🔹 Title:  Salmo 118
INFO:root:🔹 URL: https://www.bibliaon.com/salmos_118/
INFO:root:🔹 Description: Deem graças ao Senhor porque ele é bom;
o seu amor dura para sempre. 
Que Israel diga:
"O seu amor dura para sempre!" 
Os sacerdotes digam:
"O seu amor dura para sempre!" 
Os que temem o Senhor digam:
"O seu amor dura para sempre!" 
Na minha angústia clamei ao Senhor;
e o Senhor me respondeu,
dando-me ampla liberdade. 
O Senhor está comigo, não temerei.
O que me podem fazer os homens? 
O Senhor está comigo;
ele é o meu ajudador.
Verei a derrota dos meus inimigos. 
É melhor buscar refúgio no Senhor
do que confiar nos homens. 
É melhor buscar refúgio no Senhor
do que confiar em príncipes. 
Todas as nações me cercaram,
mas em nome do Senhor eu as derrotei. 
Cercaram-me por todos os lados,
mas em nome do Senhor eu as derrotei. 
Cercaram-me como um enxame de abelhas,
mas logo se extinguiram
como espinheiros em chamas.
Em nome do Senhor eu as derrotei! 
Empurraram-me para forçar a minha queda,
mas o Senhor me ajudou. 
O Senhor é a minha força e o meu cântico;
ele é a minha salvação. 
Alegres brados de vitória
ressoam nas tendas dos justos:
"A mão direita do Senhor age com poder! 
A mão direita do Senhor é exaltada!
A mão direita do Senhor age com poder!" 
Não morrerei; mas vivo ficarei
para anunciar os feitos do Senhor. 
O Senhor me castigou com severidade,
mas não me entregou à morte. 
Abram as portas da justiça para mim,
pois quero entrar para dar graças ao Senhor. 
Esta é a porta do Senhor,
pela qual entram os justos. 
Dou-te graças, porque me respondeste
e foste a minha salvação. 
A pedra que os construtores rejeitaram
tornou-se a pedra angular. 
Isso vem do Senhor,
e é algo maravilhoso para nós. 
Este é o dia em que o Senhor agiu;
alegremo-nos e exultemos neste dia. 
Salva-nos, Senhor! Nós imploramos.
Faze-nos prosperar, Senhor! Nós suplicamos. 
Bendito é o que vem em nome do Senhor.
Da casa do Senhor nós os abençoamos. 
O Senhor é Deus,
e ele fez resplandecer sobre nós a sua luz.
Juntem-se ao cortejo festivo,
levando ramos até as pontas do altar. 
Tu és o meu Deus; graças te darei!
Ó meu Deus, eu te exaltarei! 
Deem graças ao Senhor, porque ele é bom;
o seu amor dura para sempre. 
 Salmo 118
INFO:root:--------------------------------------------------
INFO:root:🔹 Title:  Salmo 107
INFO:root:🔹 URL: https://www.bibliaon.com/salmos_107/
INFO:root:🔹 Description: Deem graças ao Senhor porque ele é bom;
o seu amor dura para sempre. 
Assim o digam os que o Senhor resgatou,
os que livrou das mãos do adversário 
e reuniu de outras terras,
do oriente e do ocidente, do norte e do sul. 
Perambularam pelo deserto e por terras áridas
sem encontrar cidade habitada. 
Estavam famintos e sedentos;
sua vida ia se esvaindo. 
Na sua aflição, clamaram ao Senhor,
e ele os livrou da tribulação
em que se encontravam 
e os conduziu por caminho seguro
a uma cidade habitada. 
Que eles deem graças ao Senhor
por seu amor leal e por suas maravilhas
em favor dos homens, 
porque ele sacia o sedento
e satisfaz plenamente o faminto. 
Assentaram-se nas trevas e na sombra mortal,
aflitos, acorrentados, 
pois se rebelaram contra as palavras de Deus
e desprezaram os desígnios do Altíssimo. 
Por isso ele os sujeitou a trabalhos pesados;
eles tropeçaram,
e não houve quem os ajudasse. 
Na sua aflição, clamaram ao Senhor,
e ele os salvou da tribulação
em que se encontravam. 
Ele os tirou das trevas e da sombra mortal
e quebrou as correntes que os prendiam. 
Que eles deem graças ao Senhor,
por seu amor leal e por suas maravilhas
em favor dos homens, 
porque despedaçou as portas de bronze
e rompeu as trancas de ferro. 
Tornaram-se tolos por causa
dos seus caminhos rebeldes,
e sofreram por causa das suas maldades. 
Sentiram repugnância por toda comida
e chegaram perto das portas da morte. 
Na sua aflição, clamaram ao Senhor,
e ele os salvou da tribulação
em que se encontravam. 
Ele enviou a sua palavra e os curou,
e os livrou da morte. 
Que eles deem graças ao Senhor,
por seu amor leal e por suas maravilhas
em favor dos homens. 
Que eles ofereçam
sacrifícios de ação de graças
e anunciem as suas obras
com cânticos de alegria. 
Fizeram-se ao mar em navios,
para negócios na imensidão das águas, 
e viram as obras do Senhor,
as suas maravilhas nas profundezas. 
Deus falou e provocou um vendaval
que levantava as ondas. 
Subiam aos céus e desciam aos abismos;
diante de tal perigo, perderam a coragem. 
Cambaleavam, tontos como bêbados,
e toda a sua habilidade foi inútil. 
Na sua aflição, clamaram ao Senhor,
e ele os tirou da tribulação
em que se encontravam. 
Reduziu a tempestade a uma brisa
e serenou as ondas. 
As ondas sossegaram, eles se alegraram,
e Deus os guiou ao porto almejado. 
Que eles deem graças ao Senhor
por seu amor leal e por suas maravilhas
em favor dos homens. 
Que o exaltem na assembleia do povo
e o louvem na reunião dos líderes. 
Ele transforma os rios em deserto
e as fontes em terra seca, 
faz da terra fértil um solo estéril,
por causa da maldade dos seus moradores. 
Transforma o deserto em açudes
e a terra ressecada em fontes. 
Ali ele assenta os famintos,
para fundarem uma cidade habitável, 
semearem lavouras, plantarem vinhas
e colherem uma grande safra. 
Ele os abençoa, e eles se multiplicam;
e não deixa que os seus rebanhos diminuam. 
Quando, porém, reduzidos,
são humilhados com opressão,
desgraça e tristeza. 
Deus derrama desprezo sobre os nobres
e os faz vagar num deserto sem caminhos. 
Mas tira os pobres da miséria
e aumenta as suas famílias como rebanhos. 
Os justos veem tudo isso e se alegram,
mas todos os perversos se calam. 
Reflitam nisso os sábios
e considerem a bondade do Senhor. 
 Salmo 107
INFO:root:--------------------------------------------------
INFO:root:🔹 Title:  Salmo 104
INFO:root:🔹 URL: https://www.bibliaon.com/salmos_104/
INFO:root:🔹 Description: Bendiga o Senhor a minha alma!
Ó Senhor, meu Deus, tu és tão grandioso!
Estás vestido de majestade e esplendor! 
Envolto em luz como numa veste,
ele estende os céus como uma tenda, 
e põe sobre as águas dos céus
as vigas dos seus aposentos.
Faz das nuvens a sua carruagem
e cavalga nas asas do vento. 
Faz dos ventos seus mensageiros
e dos clarões reluzentes seus servos. 
Firmaste a terra sobre os seus fundamentos
para que jamais se abale; 
com as torrentes do abismo a cobriste,
como se fossem uma veste;
as águas subiram acima dos montes. 
Diante das tuas ameaças as águas fugiram,
puseram-se em fuga ao som do teu trovão; 
subiram pelos montes
e escorreram pelos vales,
para os lugares que tu lhes designaste. 
Estabeleceste um limite
que não podem ultrapassar;
jamais tornarão a cobrir a terra. 
Fazes jorrar as nascentes nos vales
e correrem as águas entre os montes; 
delas bebem todos os animais selvagens,
e os jumentos selvagens saciam a sua sede. 
As aves do céu fazem ninho junto às águas
e entre os galhos põem-se a cantar. 
Dos teus aposentos celestes
regas os montes;
sacia-se a terra com o fruto das tuas obras! 
É o Senhor que faz crescer o pasto para o gado,
e as plantas que o homem cultiva,
para da terra tirar o alimento: 
o vinho, que alegra o coração do homem;
o azeite, que lhe faz brilhar o rosto,
e o pão, que sustenta o seu vigor. 
As árvores do Senhor são bem regadas,
os cedros do Líbano que ele plantou; 
nelas os pássaros fazem ninho,
e nos pinheiros a cegonha tem o seu lar. 
Os montes elevados pertencem
aos bodes selvagens,
e os penhascos são um refúgio para os coelhos. 
Ele fez a lua para marcar estações;
o sol sabe quando deve se pôr. 
Trazes trevas, e cai a noite,
quando os animais da floresta vagueiam. 
Os leões rugem à procura da presa,
buscando de Deus o alimento, 
mas ao nascer do sol eles se vão
e voltam a deitar-se em suas tocas. 
Então o homem sai para o seu trabalho,
para o seu labor até o entardecer. 
Quantas são as tuas obras, Senhor!
Fizeste todas elas com sabedoria!
A terra está cheia de seres que criaste. 
Eis o mar, imenso e vasto.
Nele vivem inúmeras criaturas,
seres vivos, pequenos e grandes. 
Nele passam os navios,
e também o Leviatã,
que formaste para com ele brincar. 
Todos eles dirigem seu olhar a ti,
esperando que lhes dês o alimento no tempo certo; 
tu lhes dás, e eles o recolhem;
abres a tua mão, e saciam-se de coisas boas. 
Quando escondes o rosto,
entram em pânico;
quando lhes retiras o fôlego,
morrem e voltam ao pó. 
Quando sopras o teu fôlego,
eles são criados,
e renovas a face da terra. 
Perdure para sempre a glória do Senhor!
Alegre-se o Senhor em seus feitos! 
Ele olha para a terra, e ela treme;
toca os montes, e eles fumegam. 
Cantarei ao Senhor toda a minha vida;
louvarei ao meu Deus enquanto eu viver. 
Seja-lhe agradável a minha meditação,
pois no Senhor tenho alegria. 
Sejam os pecadores eliminados da terra
e deixem de existir os ímpios.
Bendiga o Senhor a minha alma!
Aleluia! 
 Salmo 104
INFO:root:--------------------------------------------------
INFO:root:Checking files: atom.xml exists=True, feed.json exists=True
INFO:root:Fetching https://www.bibliaon.com/palavra_do_dia/ - Status Code: 200
INFO:root:Response length: 382708 characters
INFO:root:HTML parsed, length: 372986 characters
INFO:root:Found 3 titles: ['A fé que conquista promessas', 'Busque ao Senhor de todo coração', 'Elias orou com fé: o resultado foi surpreendente...']
INFO:root:Found 3 URLs: [None, None, None]
INFO:root:Found 3 descriptions: ["Por isso naquele dia Moisés me jurou: 'Certamente ", 'Vocês me procurarão e me acharão quando me procura', 'Não tinha chovido durante 3 anos. A terra estava s']
INFO:root:Found 1 dates: ['Terça, 26 de maio de 2026']
INFO:root:Min length for iteration: 1
INFO:root:Processing entry 1: Title='A fé que conquista promessas', ID=075cbc6144d3060643ab4cebd41dadc8
INFO:root:Processed 1 entries in FeedGenerator, 1 entries in output_data
INFO:root:Updated 'feeds/palavra_biblica_do_dia/atom.xml' with 1 entries.
INFO:root:Updated 'feeds/palavra_biblica_do_dia/feed.json' with 1 entries.
INFO:root:
📌 Last 3 entries:
INFO:root:🔹 Title: A fé que conquista promessas - Palavra de Hoje
INFO:root:🔹 URL: https://www.bibliaon.com/palavra_do_dia/
INFO:root:🔹 Description: Por isso naquele dia Moisés me jurou: 'Certamente a terra em que você pisou será uma herança perpétua para você e para os seus descendentes, porquanto você foi inteiramente fiel ao Senhor, o meu Deus'.
- Josué 14:9

A história de Calebe é um exemplo poderoso de fé e coragem. Enquanto muitos duvidaram das promessas de Deus, Calebe escolheu confiar. Ele foi um dos doze espiões enviados para observar a terra prometida. Dez voltaram com medo, olhando para os gigantes e dificuldades. Mas Calebe enxergou além dos obstáculos: ele viu a fidelidade de Deus.
Mesmo depois de quarenta anos no deserto, Calebe não desistiu da promessa. O tempo passou, as lutas vieram, muitos perderam a esperança, mas ele permaneceu firme.
Aos oitenta e cinco anos, declarou com confiança que ainda tinha forças para conquistar aquilo que Deus havia prometido. Isso nos ensina que a promessa pode até demorar, mas nunca perde a validade quando Deus está no controle.
Calebe tomou posse da sua promessa porque manteve o coração obediente e cheio de fé. Ele não permitiu que o medo dos outros contaminasse sua confiança. Enquanto muitos reclamavam, Calebe perseverava. Enquanto muitos olhavam para as dificuldades, ele olhava para Deus.
Muitas vezes enfrentamos atrasos, batalhas e momentos difíceis, mas Deus continua fiel. A promessa não depende apenas das circunstâncias; depende da nossa permanência na presença do Senhor. Quem continua crendo, mesmo sem ver, viverá o cumprimento do que Deus preparou.
A história de Calebe nos lembra que os gigantes existem, mas a promessa de Deus é maior. Quem permanece fiel até o fim verá a vitória chegar e tomará posse daquilo que o Senhor já preparou.
Conheça mais sobre a história de Calebe.
 
Por isso naquele dia Moisés me jurou: 'Certamente a terra em que você pisou será uma herança perpétua para você e para os seus descendentes, porquanto você foi inteiramente fiel ao Senhor, o meu Deus'.
- Josué 14:9

INFO:root:--------------------------------------------------
INFO:root:Checking files: atom.xml exists=True, feed.json exists=True
INFO:root:Fetching https://www.bibliaon.com/devocional_diario/ - Status Code: 200
INFO:root:Response length: 389368 characters
INFO:root:HTML parsed, length: 379205 characters
INFO:root:Found 3 titles: ['Deus é a sua motivação diária', 'Gratidão a Deus é a chave da bênção', 'Ande como um filho de Deus']
INFO:root:Found 4 URLs: ['/motivacao/', '/1_corintios_13/', '/como_mostrar_sua_gratidao_a_deus/']
INFO:root:Found 3 descriptions: ['Todos os dias somos desafiados por situações que t', 'Em tudo, dai graças, porque esta é a vontade de De', 'Contudo, aos que o receberam, aos que creram em se']
INFO:root:Found 3 dates: ['MAIO\n\n26\nTERÇA', 'MAIO\n\n25\nSEGUNDA', 'MAIO\n\n24\nDOMINGO']
INFO:root:Min length for iteration: 3
INFO:root:Processing entry 1: Title='Deus é a sua motivação diária', ID=01b5b70037446d0b23a2f28942d9884c
INFO:root:Processing entry 2: Title='Gratidão a Deus é a chave da bênção', ID=91b9364a2f929ec1a5ba9478101e116b
INFO:root:Processing entry 3: Title='Ande como um filho de Deus', ID=cc8a3296d11a5862d5ee669ee26e0a9d
INFO:root:Processed 3 entries in FeedGenerator, 3 entries in output_data
INFO:root:Updated 'feeds/devocional_de_hoje/atom.xml' with 3 entries.
INFO:root:Updated 'feeds/devocional_de_hoje/feed.json' with 3 entries.
INFO:root:
📌 Last 3 entries:
INFO:root:🔹 Title: Deus é a sua motivação diária
INFO:root:🔹 URL: https://www.bibliaon.com/motivacao/
INFO:root:🔹 Description: Todos os dias somos desafiados por situações que tentam roubar nossa paz e enfraquecer nossa fé. As preocupações da vida, os desafios no trabalho, as dificuldades nos relacionamentos, tudo isso pode nos desgastar. Mas há uma verdade que nunca muda: Deus está ao nosso lado, sustentando-nos com Sua graça e amor.

mas aqueles que esperam no Senhor
renovam as suas forças.
Voam alto como águias;
correm e não ficam exaustos,
andam e não se cansam.
- Isaías 40:31

Essa promessa nos mostra que, quando colocamos nossa confiança no Senhor, encontramos a força necessária para continuar.
Deus deve ser a sua motivação diária, pois Nele encontramos propósito para viver. Ele nos ama com um amor incondicional e tem planos perfeitos para cada um de nós. Mesmo quando não entendemos os caminhos que Ele nos leva, podemos confiar que tudo coopera para o nosso bem.
Se o dia for difícil, lembre-se: Deus é seu refúgio. Se sentir-se fraco, Ele é a sua força. Se as dúvidas surgirem, Ele é a sua certeza.
Comece cada dia buscando a presença de Deus, orando e lendo a Sua Palavra. Deixe que Ele renove sua motivação e esperança. Afinal, quando Deus é o centro da sua vida, nenhum obstáculo será grande demais.
Confie, persevere e siga adiante com fé! Deus está com você! 
Encontre força em Deus e viva com propósito todos os dias!  


Ore diariamente: Comece o dia conversando com Deus, entregando suas preocupações e buscando Sua direção para cada decisão.

Leia a Palavra: Medite na Bíblia para fortalecer sua fé, encontrar esperança e lembrar das promessas de Deus para sua vida.

Confie e persevere: Mesmo diante dos desafios, confie no plano de Deus, mantenha-se firme e avance com coragem e determinação.

Para orar: 

Senhor, obrigado pelo Seu amor imensurável e pela força que me concede a cada dia. Que Sua presença me guie em cada passo, trazendo paz, sabedoria e coragem. Confio em Seus planos e entrego minhas preocupações nas Suas mãos. Renove minha fé e fortaleça meu coração. Amém.

Veja também: Versículos de Motivação
INFO:root:--------------------------------------------------
INFO:root:🔹 Title: Gratidão a Deus é a chave da bênção
INFO:root:🔹 URL: https://www.bibliaon.com/1_corintios_13/
INFO:root:🔹 Description: Em tudo, dai graças, porque esta é a vontade de Deus em Cristo Jesus para convosco.
- 1 Tessalonicenses 5:18

Já percebeu que ao estarmos felizes tendemos a ser generosos? Por exemplo, numa lista de presente de casamento sempre nos esforçamos para a felicidade do casal. Isso nos alegra: ver a alegria deles. Com Deus também é assim, Ele fica satisfeito com a nossa gratidão e sempre retribuí numa medida maior que esperamos.
Quando somos gratos - ser grato vai além das palavras - estamos reconhecendo a importância de Deus para a nossa vida. Este reconhecimento gera amor e Deus derrama ainda mais bênçãos sobre nós.
Entenda, isto não é uma troca ou uma barganha, é causa e consequência. Se pecamos, sofremos as consequências do pecado. Mas se amamos a Deus, recebemos as consequências do amor. Essa é a chave: amar a Deus e ser amado por Ele! 
Gratidão é a chave

Procure agradecer a Deus da verdade. Diga as palavras de gratidão a Ele com vontade e não por obrigação.
Nossa gratidão a Ele deve se refletir em atos, não somente em palavras.
Se espera algo em troca, está pensando da forma errada. Reveja os conceitos sobre amor, leia 1 Coríntios 13


Para Orar:

Senhor, sinto-me tão amado por Ti! Muito obrigado por estar presente em todos os momentos da minha vida. Só tenho a agradecer e louvar o Teu nome. És o meu norte, o meu guia. Nunca me abandonou e sei que me amas de verdade, pois sinto e reconheço este amor. Obrigado Pai, amém.

Sugestão de leitura: 

3 formas de mostrar sua gratidão a Deus
O amor incondicional de Deus - estudo bíblico
INFO:root:--------------------------------------------------
INFO:root:🔹 Title: Ande como um filho de Deus
INFO:root:🔹 URL: https://www.bibliaon.com/como_mostrar_sua_gratidao_a_deus/
INFO:root:🔹 Description: Contudo, aos que o receberam, aos que creram em seu nome, deu-lhes o direito de se tornarem filhos de Deus, os quais não nasceram por descendência natural, nem pela vontade da carne nem pela vontade de algum homem, mas nasceram de Deus.
João 1:12-13

Ser filho de Deus é a maior de todas as dádivas que podemos receber como seres humanos. Nenhum outro ser criado tem esse privilégio. Quando cremos em Jesus e o aceitamos pela fé, deixamos de ser meras criaturas e passamos a ser adotados como  filhos pelo Pai celestial. Essa adoção através do grande amor de Deus, por meio de Seu Filho unigênito, é algo fantástico!
Aquele que é nascido de Deus pode andar em Sua presença, confiando e se conformando a Jesus, nosso Senhor e nosso alvo. Se fixarmos a atenção no Filho de Deus, encontraremos nele o nosso padrão e melhor exemplo para agradar ao Pai em tudo. Ao longo da caminhada, pela fé e com o aperfeiçoamento que vem de Deus, vamos adquirindo traços do caráter de Cristo para nos tornarmos mais semelhantes a Ele, como filhos genuínos e amados do Pai.
Ande e viva como O Filho de Deus!

Se ainda não recebeu a Jesus como Senhor em seu coração, este é o primeiro passo para se tornar um filho de Deus.
Arrependa-se dos seus erros e creia em Jesus para ser aceito na grande família de Deus.
Jesus é a melhor referência para aprendermos ser melhores filhos de Deus. Conheça-O através da Bíblia.
Busque estar perto de Deus diariamente, demonstrando na prática o seu amor e a sua dedicação a Ele.
Congregue junto de outros irmãos em Cristo, numa família cristã saudável para amar, servir e ser edificado na fé.

Para Orar:

Senhor Deus, obrigado por me amar e me aceitar como filho na Tua grande família. Pela Tua graça em Jesus Cristo posso receber o perdão e a salvação, para estar para sempre junto de Ti! Ajuda-me para que em toda a minha vida, eu possa andar como o Teu Filho Jesus, que te honrou e amou até o fim. Amém!
INFO:root:--------------------------------------------------
INFO:root:Checking files: atom.xml exists=True, feed.json exists=True
INFO:root:Fetching https://pt.wikipedia.org/wiki/Wikipédia:Página_principal - Status Code: 403
INFO:root:Response length: 126 characters
WARNING:root:Failed to fetch content from https://pt.wikipedia.org/wiki/Wikipédia:Página_principal - Status: 403
INFO:root:Checking files: atom.xml exists=True, feed.json exists=True
INFO:root:Fetching https://pt.wikipedia.org/wiki/Wikipédia:Página_principal - Status Code: 403
INFO:root:Response length: 126 characters
WARNING:root:Failed to fetch content from https://pt.wikipedia.org/wiki/Wikipédia:Página_principal - Status: 403
INFO:root:Checking files: atom.xml exists=True, feed.json exists=True
INFO:root:Fetching https://pt.wikipedia.org/wiki/Wikipédia:Página_principal - Status Code: 403
INFO:root:Response length: 126 characters
WARNING:root:Failed to fetch content from https://pt.wikipedia.org/wiki/Wikipédia:Página_principal - Status: 403
INFO:root:Git identity configured.
INFO:root:
📝 Git Changes Detected:
INFO:root: M feeds/devocional_de_hoje/atom.xml
 M feeds/devocional_de_hoje/feed.json
 M feeds/palavra_biblica_do_dia/atom.xml
 M feeds/palavra_biblica_do_dia/feed.json
 M feeds/palavra_do_dia/atom.xml
 M feeds/palavra_do_dia/feed.json
 M feeds/salmo_do_dia/atom.xml
 M feeds/salmo_do_dia/feed.json
 M "feeds/vers\303\255culo_do_dia/atom.xml"
 M "feeds/vers\303\255culo_do_dia/feed.json"
 M output.log
?? __pycache__/
INFO:root:
🔍 Summary:
INFO:root: feeds/devocional_de_hoje/atom.xml         |  55 +++--
 feeds/devocional_de_hoje/feed.json        |  14 +-
 feeds/palavra_biblica_do_dia/atom.xml     |  35 ++--
 feeds/palavra_biblica_do_dia/feed.json    |   6 +-
 feeds/palavra_do_dia/atom.xml             |  12 +-
 feeds/palavra_do_dia/feed.json            |  24 +--
 feeds/salmo_do_dia/atom.xml               | 123 ++++++-----
 feeds/salmo_do_dia/feed.json              |  12 +-
 "feeds/vers\303\255culo_do_dia/atom.xml"  |   5 +-
 "feeds/vers\303\255culo_do_dia/feed.json" |   8 +-
 output.log                                | 338 +++++++++++++++---------------
 11 files changed, 326 insertions(+), 306 deletions(-)
